<?xml version="1.0" encoding="UTF-8"?>
<!-- Generated by org.testng.reporters.JUnitReportReporter -->
<testsuite hostname="RCCHN0102" name="Test.Initiate" tests="1" failures="0" timestamp="26 Apr 2018 10:23:57 GMT" time="98.633" errors="0">
  <testcase name="checkHome" time="98.633" classname="Test.Initiate"/>
</testsuite> <!-- Test.Initiate -->
